This is pdfTeX, Version 3.14159265-2.6-1.40.17 (TeX Live 2016) (preloaded format=pdflatex 2017.2.16)  5 APR 2017 07:28
entering extended mode
 restricted \write18 enabled.
 %&-line parsing enabled.
**labrecord.tex
(./labrecord.tex
LaTeX2e <2016/03/31>
Babel <3.9r> and hyphenation patterns for 83 language(s) loaded.
(/usr/local/texlive/2016/texmf-dist/tex/latex/base/article.cls
Document Class: article 2014/09/29 v1.4h Standard LaTeX document class
(/usr/local/texlive/2016/texmf-dist/tex/latex/base/size10.clo
File: size10.clo 2014/09/29 v1.4h Standard LaTeX file (size option)
)
\c@part=\count79
\c@section=\count80
\c@subsection=\count81
\c@subsubsection=\count82
\c@paragraph=\count83
\c@subparagraph=\count84
\c@figure=\count85
\c@table=\count86
\abovecaptionskip=\skip41
\belowcaptionskip=\skip42
\bibindent=\dimen102
)
No file labrecord.aux.
\openout1 = `labrecord.aux'.

LaTeX Font Info:    Checking defaults for OML/cmm/m/it on input line 3.
LaTeX Font Info:    ... okay on input line 3.
LaTeX Font Info:    Checking defaults for T1/cmr/m/n on input line 3.
LaTeX Font Info:    ... okay on input line 3.
LaTeX Font Info:    Checking defaults for OT1/cmr/m/n on input line 3.
LaTeX Font Info:    ... okay on input line 3.
LaTeX Font Info:    Checking defaults for OMS/cmsy/m/n on input line 3.
LaTeX Font Info:    ... okay on input line 3.
LaTeX Font Info:    Checking defaults for OMX/cmex/m/n on input line 3.
LaTeX Font Info:    ... okay on input line 3.
LaTeX Font Info:    Checking defaults for U/cmr/m/n on input line 3.
LaTeX Font Info:    ... okay on input line 3.
LaTeX Font Info:    External font `cmex10' loaded for size
(Font)              <12> on input line 7.
LaTeX Font Info:    External font `cmex10' loaded for size
(Font)              <8> on input line 7.
LaTeX Font Info:    External font `cmex10' loaded for size
(Font)              <6> on input line 7.
[1

{/usr/local/texlive/2016/texmf-var/fonts/map/pdftex/updmap/pdftex.map}]
LaTeX Font Info:    External font `cmex10' loaded for size
(Font)              <7> on input line 25.
LaTeX Font Info:    External font `cmex10' loaded for size
(Font)              <5> on input line 25.

Overfull \hbox (42.22281pt too wide) in paragraph at lines 25--57
[][] 
 []

[2] [3]
Overfull \hbox (4.97299pt too wide) in paragraph at lines 90--90
\OT1/cmr/bx/n/14.4 own-er-ship/permissions of files/links/directory. 
 []

LaTeX Font Info:    Try loading font information for OMS+cmr on input line 97.
(/usr/local/texlive/2016/texmf-dist/tex/latex/base/omscmr.fd
File: omscmr.fd 2014/09/29 v2.5h Standard LaTeX font definitions
)
LaTeX Font Info:    Font shape `OMS/cmr/m/n' in size <10> not available
(Font)              Font shape `OMS/cmsy/m/n' tried instead on input line 97.
 [4] [5] [6]
[7] [8]
Overfull \hbox (8.23125pt too wide) in paragraph at lines 341--342
[] \OT1/cmr/m/n/10 $scp jsmith@remotehost.example.com:/home/jsmith/remotehostfi
le.txt 
 []

[9]
Overfull \hbox (6.29533pt too wide) in paragraph at lines 381--382
[]  \OT1/cmr/m/it/10 wget http://www.openss7.org/repos/tarballs/strx25-0.9.2.1.
tar.bz2 \OT1/cmr/m/n/10 this
 []

[10]
Overfull \hbox (5.16722pt too wide) in paragraph at lines 417--431
[][] 
 []

[11] [12] [13]
Overfull \hbox (27.74675pt too wide) in paragraph at lines 568--568
[]  \OT1/cmtt/m/n/10 echo  "##################Available Shells#################
##########"[] 
 []


Overfull \hbox (11.99689pt too wide) in paragraph at lines 568--568
[]  \OT1/cmtt/m/n/10 echo  "####################Memory Information#############
#######"[] 
 []

[14] [15] [16]
Overfull \hbox (38.24666pt too wide) in paragraph at lines 668--668
[]    \OT1/cmtt/m/n/10 echo "Enter the correct number of arguments : ./addnames
.sh classlist[] 
 []

[17]
Overfull \hbox (77.33856pt too wide) in paragraph at lines 716--731
[][] 
 []

[18]
Overfull \hbox (77.33856pt too wide) in paragraph at lines 742--752
[][] 
 []

[19] [20] [21]
Overfull \hbox (101.24611pt too wide) in paragraph at lines 862--862
[]\OT1/cmtt/m/n/10 ps -e -o pmem=,pcpu=,pid=,user=,comm= ?sort=-pmem ? while re
ad size cpu pid user comm[] 
 []

[22]
Overfull \hbox (190.49533pt too wide) in paragraph at lines 965--965
[]\OT1/cmtt/m/n/10 print("Please enter a string on which you would like to perf
orm the regular expression operations\n");[] 
 []

[23] [24]
Overfull \hbox (179.99542pt too wide) in paragraph at lines 965--965
[]\OT1/cmtt/m/n/10 print("Enter 0 if you would like to continue with the progra
m, Enter 1 to exit from the program\n");[] 
 []

[25]
Overfull \hbox (5.6373pt too wide) in paragraph at lines 1016--1017
[]\OT1/cmr/m/n/10 You can check your PHP by ex-e-cut-ing any PHP file from with
in /var/www/.
 []

[26] [27] [28] (./labrecord.aux)

LaTeX Warning: Label(s) may have changed. Rerun to get cross-references right.

 ) 
Here is how much of TeX's memory you used:
 263 strings out of 493014
 3017 string characters out of 6133351
 61601 words of memory out of 5000000
 3876 multiletter control sequences out of 15000+600000
 9016 words of font info for 32 fonts, out of 8000000 for 9000
 1141 hyphenation exceptions out of 8191
 23i,10n,19p,645b,275s stack positions out of 5000i,500n,10000p,200000b,80000s
</usr/local/texlive/2016/texmf-dist/fonts/type1/public/amsfonts/cm/cmbx10.pfb
></usr/local/texlive/2016/texmf-dist/fonts/type1/public/amsfonts/cm/cmbx12.pfb>
</usr/local/texlive/2016/texmf-dist/fonts/type1/public/amsfonts/cm/cmbx9.pfb></
usr/local/texlive/2016/texmf-dist/fonts/type1/public/amsfonts/cm/cmr10.pfb></us
r/local/texlive/2016/texmf-dist/fonts/type1/public/amsfonts/cm/cmr12.pfb></usr/
local/texlive/2016/texmf-dist/fonts/type1/public/amsfonts/cm/cmr17.pfb></usr/lo
cal/texlive/2016/texmf-dist/fonts/type1/public/amsfonts/cm/cmr9.pfb></usr/local
/texlive/2016/texmf-dist/fonts/type1/public/amsfonts/cm/cmsy10.pfb></usr/local/
texlive/2016/texmf-dist/fonts/type1/public/amsfonts/cm/cmti10.pfb></usr/local/t
exlive/2016/texmf-dist/fonts/type1/public/amsfonts/cm/cmtt10.pfb>
Output written on labrecord.pdf (28 pages, 171834 bytes).
PDF statistics:
 134 PDF objects out of 1000 (max. 8388607)
 93 compressed objects within 1 object stream
 0 named destinations out of 1000 (max. 500000)
 1 words of extra memory for PDF output out of 10000 (max. 10000000)

